<?xml version="1.0" encoding="UTF-8"?>
<testng-results ignored="0" total="1" passed="1" failed="0" skipped="0">
  <reporter-output>
  </reporter-output>
  <suite started-at="2023-04-12T18:34:16 EDT" name="Default suite" finished-at="2023-04-12T18:34:26 EDT" duration-ms="10407">
    <groups>
    </groups>
    <test started-at="2023-04-12T18:34:16 EDT" name="Default test" finished-at="2023-04-12T18:34:26 EDT" duration-ms="10407">
      <class name="RegisterTest">
        <test-method is-config="true" signature="setupTestCase()[pri:0, instance:RegisterTest@4567f35d]" started-at="2023-04-12T18:34:16 EDT" name="setupTestCase" finished-at="2023-04-12T18:34:16 EDT" duration-ms="10" status="PASS">
          <reporter-output>
          </reporter-output>
        </test-method> <!-- setupTestCase -->
        <test-method signature="visitGoogleWebsite()[pri:0, instance:RegisterTest@4567f35d]" started-at="2023-04-12T18:34:16 EDT" name="visitGoogleWebsite" finished-at="2023-04-12T18:34:26 EDT" duration-ms="10366" status="PASS">
          <reporter-output>
          </reporter-output>
        </test-method> <!-- visitGoogleWebsite -->
      </class> <!-- RegisterTest -->
    </test> <!-- Default test -->
  </suite> <!-- Default suite -->
</testng-results>
